09:55:22.153 140  [main] INFO  org.formation.test.MainTest
				- Information
09:55:22.153 140  [main] DEBUG org.formation.test.MainTest
				- Ca ne marche pas!!!
09:55:22.153 140  [main] WARN  org.formation.test.MainTest
				- Attention!
09:55:22.153 140  [main] ERROR org.formation.test.MainTest
				- FATAL ERROR!!!!
09:55:37.600 140  [main] INFO  org.formation.test.MainTest
				- Information
09:55:37.600 140  [main] DEBUG org.formation.test.MainTest
				- Ca ne marche pas!!!
09:55:37.600 140  [main] TRACE org.formation.test.MainTest
				- YAHOOOO
09:55:37.600 140  [main] WARN  org.formation.test.MainTest
				- Attention!
09:55:37.600 140  [main] ERROR org.formation.test.MainTest
				- FATAL ERROR!!!!
09:55:52.174 141  [main] WARN  org.formation.test.MainTest
				- Attention!
09:55:52.174 141  [main] ERROR org.formation.test.MainTest
				- FATAL ERROR!!!!
09:56:14.173 141  [main] ERROR org.formation.test.MainTest
				- FATAL ERROR!!!!
09:56:32.419 140  [main] INFO  org.formation.test.MainTest
				- Information
09:56:32.435 156  [main] DEBUG org.formation.test.MainTest
				- Ca ne marche pas!!!
09:56:32.435 156  [main] TRACE org.formation.test.MainTest
				- YAHOOOO
09:56:32.435 156  [main] WARN  org.formation.test.MainTest
				- Attention!
09:56:32.435 156  [main] ERROR org.formation.test.MainTest
				- FATAL ERROR!!!!
09:57:16.851 156  [main] INFO  org.formation.test.MainTest
				- Information
09:57:16.851 156  [main] DEBUG org.formation.test.MainTest
				- Ca ne marche pas!!!
09:57:16.851 156  [main] WARN  org.formation.test.MainTest
				- Attention!
09:57:16.851 156  [main] ERROR org.formation.test.MainTest
				- FATAL ERROR!!!!
